<?xml version="1.0" encoding="utf-8"?><testsuites name="pytest tests"><testsuite name="pytest" errors="0" failures="0" skipped="0" tests="11" time="51.657" timestamp="2026-08-09T15:53:41.923069+00:00" hostname="agent-env-94323cd6-a6ce-45ec-8fa3-c2e53ce06cae"><testcase classname="tests.test_ai" name="test_operator_blocked_ai_chat" time="0.467" /><testcase classname="tests.test_ai" name="test_operator_blocked_ai_sessions" time="0.097" /><testcase classname="tests.test_ai" name="test_operator_blocked_ai_report" time="0.097" /><testcase classname="tests.test_ai" name="test_unauth_blocked_ai_chat" time="0.098" /><testcase classname="tests.test_ai" name="test_ai_chat_stream_admin" time="2.192" /><testcase classname="tests.test_ai" name="test_ai_sessions_list" time="0.106" /><testcase classname="tests.test_ai" name="test_ai_session_messages" time="0.098" /><testcase classname="tests.test_ai" name="test_ai_chat_empty_message" time="0.104" /><testcase classname="tests.test_ai" name="test_ai_report_today_stream" time="47.648" /><testcase classname="tests.test_ai" name="test_supervisor_can_access_approvals" time="0.576" /><testcase classname="tests.test_ai" name="test_activities_export_excel" time="0.115" /></testsuite></testsuites>