<?xml version="1.0" encoding="utf-8"?><testsuites name="pytest tests"><testsuite name="pytest" errors="0" failures="1" skipped="0" tests="16" time="4.949" timestamp="2026-08-09T15:15:54.428694+00:00" hostname="agent-env-94323cd6-a6ce-45ec-8fa3-c2e53ce06cae"><testcase classname="tests.test_simapan.TestAuth" name="test_login_bad" time="0.663" /><testcase classname="tests.test_simapan.TestInmates" name="test_list" time="0.771" /><testcase classname="tests.test_simapan.TestInmates" name="test_lookup" time="0.323" /><testcase classname="tests.test_simapan.TestAuth" name="test_me" time="0.533" /><testcase classname="tests.test_simapan.TestInmates" name="test_create_update" time="0.899" /><testcase classname="tests.test_simapan.TestAuth" name="test_me_unauth" time="0.098" /><testcase classname="tests.test_simapan.TestSettings" name="test_update_category" time="0.368" /><testcase classname="tests.test_simapan.TestSettings" name="test_settings_no_admin" time="0.423" /><testcase classname="tests.test_simapan.TestUsersMgmt" name="test_operator_forbidden_users" time="0.235" /><testcase classname="tests.test_simapan.TestUsersMgmt" name="test_admin_create_user_and_login" time="1.266" /><testcase classname="tests.test_simapan.TestActivities" name="test_full_flow" time="1.659" /><testcase classname="tests.test_simapan.TestDashboard" name="test_stats" time="0.136" /><testcase classname="tests.test_simapan.TestActivities" name="test_scan_inactive_inmate_fails" time="0.096" /><testcase classname="tests.test_simapan.TestLocations" name="test_crud" time="0.392" /><testcase classname="tests.test_simapan.TestAudit" name="test_admin_audit" time="0.104"><failure message="assert 500 == 200&#10; +  where 500 = &lt;Response [500]&gt;.status_code">backend/tests/test_simapan.py:253: in test_admin_audit
    assert r.status_code == 200
E   assert 500 == 200
E    +  where 500 = &lt;Response [500]&gt;.status_code</failure></testcase><testcase classname="tests.test_simapan.TestAudit" name="test_op_forbidden" time="0.100" /></testsuite></testsuites>